-------------------------------------------------------------------------------
Test set: gr.aueb.cf.schoolapp.service.TeacherServiceImplTest
-------------------------------------------------------------------------------
Tests run: 3, Failures: 1, Errors: 2, Skipped: 0, Time elapsed: 12.641 s <<< FAILURE! - in gr.aueb.cf.schoolapp.service.TeacherServiceImplTest
insertAndGetTeacher  Time elapsed: 7.443 s  <<< ERROR!
java.sql.SQLSyntaxErrorException: Unknown column 'TABLES_SCHEMA' in 'where clause'
	at gr.aueb.cf.schoolapp.service.TeacherServiceImplTest.tearDown(TeacherServiceImplTest.java:39)

updateInvalidTeacher  Time elapsed: 2.274 s  <<< FAILURE!
org.opentest4j.AssertionFailedError: Unexpected exception type thrown, expected: <gr.aueb.cf.schoolapp.service.exceptions.TeacherNotFoundException> but was: <gr.aueb.cf.schoolapp.dao.exceptions.TeacherDAOException>
	at gr.aueb.cf.schoolapp.service.TeacherServiceImplTest.updateInvalidTeacher(TeacherServiceImplTest.java:66)
Caused by: gr.aueb.cf.schoolapp.dao.exceptions.TeacherDAOException: SQL Error in Teacher Update: 10,Andreas,Androutsos2
	at gr.aueb.cf.schoolapp.service.TeacherServiceImplTest.lambda$updateInvalidTeacher$0(TeacherServiceImplTest.java:67)
	at gr.aueb.cf.schoolapp.service.TeacherServiceImplTest.updateInvalidTeacher(TeacherServiceImplTest.java:66)

updateTeacher  Time elapsed: 2.924 s  <<< ERROR!
gr.aueb.cf.schoolapp.dao.exceptions.TeacherDAOException: SQL Error in Teacher Update: 1,Andreas,Androutsos2
	at gr.aueb.cf.schoolapp.service.TeacherServiceImplTest.updateTeacher(TeacherServiceImplTest.java:56)

